{"/Users/studentuser/go/src/github.com/cnguyen0/info344-in-class/nodedb/taskstore.js": {"path":"/Users/studentuser/go/src/github.com/cnguyen0/info344-in-class/nodedb/taskstore.js","statementMap":{"0":{"start":{"line":6,"column":16},"end":{"line":6,"column":34}},"1":{"start":{"line":10,"column":7},"end":{"line":10,"column":48}},"2":{"start":{"line":14,"column":7},"end":{"line":14,"column":41}},"3":{"start":{"line":15,"column":7},"end":{"line":16,"column":34}},"4":{"start":{"line":16,"column":28},"end":{"line":16,"column":32}},"5":{"start":{"line":20,"column":23},"end":{"line":22,"column":8}},"6":{"start":{"line":24,"column":7},"end":{"line":28,"column":41}},"7":{"start":{"line":28,"column":27},"end":{"line":28,"column":39}},"8":{"start":{"line":33,"column":7},"end":{"line":33,"column":49}},"9":{"start":{"line":37,"column":7},"end":{"line":37,"column":51}},"10":{"start":{"line":41,"column":7},"end":{"line":42,"column":18}},"11":{"start":{"line":46,"column":0},"end":{"line":46,"column":28}}},"fnMap":{"0":{"name":"(anonymous_0)","decl":{"start":{"line":9,"column":3},"end":{"line":9,"column":4}},"loc":{"start":{"line":9,"column":28},"end":{"line":11,"column":4}},"line":9},"1":{"name":"(anonymous_1)","decl":{"start":{"line":13,"column":3},"end":{"line":13,"column":4}},"loc":{"start":{"line":13,"column":16},"end":{"line":17,"column":4}},"line":13},"2":{"name":"(anonymous_2)","decl":{"start":{"line":16,"column":22},"end":{"line":16,"column":23}},"loc":{"start":{"line":16,"column":28},"end":{"line":16,"column":32}},"line":16},"3":{"name":"(anonymous_3)","decl":{"start":{"line":19,"column":3},"end":{"line":19,"column":4}},"loc":{"start":{"line":19,"column":23},"end":{"line":29,"column":4}},"line":19},"4":{"name":"(anonymous_4)","decl":{"start":{"line":28,"column":17},"end":{"line":28,"column":18}},"loc":{"start":{"line":28,"column":27},"end":{"line":28,"column":39}},"line":28},"5":{"name":"(anonymous_5)","decl":{"start":{"line":32,"column":3},"end":{"line":32,"column":4}},"loc":{"start":{"line":32,"column":11},"end":{"line":34,"column":4}},"line":32},"6":{"name":"(anonymous_6)","decl":{"start":{"line":36,"column":3},"end":{"line":36,"column":4}},"loc":{"start":{"line":36,"column":14},"end":{"line":38,"column":4}},"line":36},"7":{"name":"(anonymous_7)","decl":{"start":{"line":40,"column":3},"end":{"line":40,"column":4}},"loc":{"start":{"line":40,"column":21},"end":{"line":43,"column":4}},"line":40}},"branchMap":{},"s":{"0":1,"1":1,"2":1,"3":1,"4":1,"5":1,"6":1,"7":1,"8":2,"9":1,"10":0,"11":1},"f":{"0":1,"1":1,"2":1,"3":1,"4":1,"5":2,"6":1,"7":0},"b":{},"_coverageSchema":"332fd63041d2c1bcb487cc26dd0d5f7d97098a6c","hash":"9b42f87a445daf49016ad5a0a873ab65a10104e2"}
}
