TN:
SF:/Users/studentuser/go/src/github.com/cnguyen0/info344-in-class/nodedb/taskstore.js
FN:9,(anonymous_0)
FN:13,(anonymous_1)
FN:16,(anonymous_2)
FN:19,(anonymous_3)
FN:28,(anonymous_4)
FN:32,(anonymous_5)
FN:36,(anonymous_6)
FN:40,(anonymous_7)
FNF:8
FNH:7
FNDA:1,(anonymous_0)
FNDA:1,(anonymous_1)
FNDA:1,(anonymous_2)
FNDA:1,(anonymous_3)
FNDA:1,(anonymous_4)
FNDA:2,(anonymous_5)
FNDA:1,(anonymous_6)
FNDA:0,(anonymous_7)
DA:6,1
DA:10,1
DA:14,1
DA:15,1
DA:16,1
DA:20,1
DA:24,1
DA:28,1
DA:33,2
DA:37,1
DA:41,0
DA:46,1
LF:12
LH:11
BRF:0
BRH:0
end_of_record
